c:\cygwin64\home\rmill7198650\prehgst\spt.d\windows\release\vc140.pdb
c:\cygwin64\home\rmill7198650\prehgst\spt.d\windows\release\utilities.obj
c:\cygwin64\home\rmill7198650\prehgst\spt.d\windows\release\spt_win32.obj
c:\cygwin64\home\rmill7198650\prehgst\spt.d\windows\release\spt_usage.obj
c:\cygwin64\home\rmill7198650\prehgst\spt.d\windows\release\spt_scsi.obj
c:\cygwin64\home\rmill7198650\prehgst\spt.d\windows\release\spt_print.obj
c:\cygwin64\home\rmill7198650\prehgst\spt.d\windows\release\spt_mtrand64.obj
c:\cygwin64\home\rmill7198650\prehgst\spt.d\windows\release\spt_mem.obj
c:\cygwin64\home\rmill7198650\prehgst\spt.d\windows\release\spt_iot.obj
c:\cygwin64\home\rmill7198650\prehgst\spt.d\windows\release\spt_inquiry.obj
c:\cygwin64\home\rmill7198650\prehgst\spt.d\windows\release\spt_fmt.obj
c:\cygwin64\home\rmill7198650\prehgst\spt.d\windows\release\spt.obj
c:\cygwin64\home\rmill7198650\prehgst\spt.d\windows\release\scsi_opcodes.obj
c:\cygwin64\home\rmill7198650\prehgst\spt.d\windows\release\scsilib.obj
c:\cygwin64\home\rmill7198650\prehgst\spt.d\windows\release\scsidata.obj
c:\cygwin64\home\rmill7198650\prehgst\spt.d\windows\release\libscsi.obj
c:\cygwin64\home\robin\spt.d\windows\release\vc140.pdb
c:\cygwin64\home\robin\spt.d\windows\release\utilities.obj
c:\cygwin64\home\robin\spt.d\windows\release\spt_win32.obj
c:\cygwin64\home\robin\spt.d\windows\release\spt_usage.obj
c:\cygwin64\home\robin\spt.d\windows\release\spt_scsi.obj
c:\cygwin64\home\robin\spt.d\windows\release\spt_print.obj
c:\cygwin64\home\robin\spt.d\windows\release\spt_mtrand64.obj
c:\cygwin64\home\robin\spt.d\windows\release\spt_mem.obj
c:\cygwin64\home\robin\spt.d\windows\release\spt_iot.obj
c:\cygwin64\home\robin\spt.d\windows\release\spt_inquiry.obj
c:\cygwin64\home\robin\spt.d\windows\release\spt_fmt.obj
c:\cygwin64\home\robin\spt.d\windows\release\spt.obj
c:\cygwin64\home\robin\spt.d\windows\release\scsi_opcodes.obj
c:\cygwin64\home\robin\spt.d\windows\release\scsilib.obj
c:\cygwin64\home\robin\spt.d\windows\release\scsidata.obj
c:\cygwin64\home\robin\spt.d\windows\release\libscsi.obj
c:\cygwin64\home\rmill7198650\prehgst\spt.d\windows\release\spt.exe
c:\cygwin64\home\rmill7198650\prehgst\spt.d\windows\release\spt.pdb
c:\cygwin64\home\robin\spt.d\windows\release\spt.pdb
c:\cygwin64\home\robin\spt.d\windows\release\vc141.pdb
c:\cygwin64\home\robin\spt.d\windows\release\spt.tlog\cl.command.1.tlog
c:\cygwin64\home\robin\spt.d\windows\release\spt.tlog\cl.read.1.tlog
c:\cygwin64\home\robin\spt.d\windows\release\spt.tlog\cl.write.1.tlog
c:\cygwin64\home\robin\spt.d\windows\release\spt.tlog\link-cvtres.read.1.tlog
c:\cygwin64\home\robin\spt.d\windows\release\spt.tlog\link-cvtres.write.1.tlog
c:\cygwin64\home\robin\spt.d\windows\release\spt.tlog\link-rc.read.1.tlog
c:\cygwin64\home\robin\spt.d\windows\release\spt.tlog\link-rc.write.1.tlog
c:\cygwin64\home\robin\spt.d\windows\release\spt.tlog\link.command.1.tlog
c:\cygwin64\home\robin\spt.d\windows\release\spt.tlog\link.read.1.tlog
c:\cygwin64\home\robin\spt.d\windows\release\spt.tlog\link.write.1.tlog
