c:\cygwin64\home\rmill7198650\prehgst\spt.d\windows\debug\vc140.pdb
c:\cygwin64\home\rmill7198650\prehgst\spt.d\windows\debug\vc140.idb
c:\cygwin64\home\rmill7198650\prehgst\spt.d\windows\debug\libscsi.obj
c:\cygwin64\home\rmill7198650\prehgst\spt.d\windows\debug\scsidata.obj
c:\cygwin64\home\rmill7198650\prehgst\spt.d\windows\debug\scsilib.obj
c:\cygwin64\home\rmill7198650\prehgst\spt.d\windows\debug\scsi_opcodes.obj
c:\cygwin64\home\rmill7198650\prehgst\spt.d\windows\debug\spt.obj
c:\cygwin64\home\rmill7198650\prehgst\spt.d\windows\debug\spt_fmt.obj
c:\cygwin64\home\rmill7198650\prehgst\spt.d\windows\debug\spt_inquiry.obj
c:\cygwin64\home\rmill7198650\prehgst\spt.d\windows\debug\spt_iot.obj
c:\cygwin64\home\rmill7198650\prehgst\spt.d\windows\debug\spt_mem.obj
c:\cygwin64\home\rmill7198650\prehgst\spt.d\windows\debug\spt_mtrand64.obj
c:\cygwin64\home\rmill7198650\prehgst\spt.d\windows\debug\spt_print.obj
c:\cygwin64\home\rmill7198650\prehgst\spt.d\windows\debug\spt_scsi.obj
c:\cygwin64\home\rmill7198650\prehgst\spt.d\windows\debug\spt_usage.obj
c:\cygwin64\home\rmill7198650\prehgst\spt.d\windows\debug\spt_win32.obj
c:\cygwin64\home\rmill7198650\prehgst\spt.d\windows\debug\utilities.obj
c:\cygwin64\home\rmill7198650\prehgst\spt.d\windows\debug\spt.ilk
c:\cygwin64\home\rmill7198650\prehgst\spt.d\windows\debug\spt.exe
c:\cygwin64\home\rmill7198650\prehgst\spt.d\windows\debug\spt.pdb
c:\cygwin64\home\rmill7198650\prehgst\spt.d\windows\.\debug\spt.exe
c:\cygwin64\home\rmill7198650\prehgst\spt.d\windows\debug\spt.tlog\cl.command.1.tlog
c:\cygwin64\home\rmill7198650\prehgst\spt.d\windows\debug\spt.tlog\cl.read.1.tlog
c:\cygwin64\home\rmill7198650\prehgst\spt.d\windows\debug\spt.tlog\cl.write.1.tlog
c:\cygwin64\home\rmill7198650\prehgst\spt.d\windows\debug\spt.tlog\link.command.1.tlog
c:\cygwin64\home\rmill7198650\prehgst\spt.d\windows\debug\spt.tlog\link.read.1.tlog
c:\cygwin64\home\rmill7198650\prehgst\spt.d\windows\debug\spt.tlog\link.write.1.tlog
